<?xml version="1.0" encoding="UTF-8"?>
<testsuite xmlns:xsi="http://www.w3.org/2001/XMLSchema-instance" xsi:noNamespaceSchemaLocation="https://maven.apache.org/surefire/maven-surefire-plugin/xsd/surefire-test-report-3.0.xsd" version="3.0" name="dev.karthik.NGOApplication.NgoApplicationTests" time="5.216" tests="1" errors="0" skipped="0" failures="0">
  <properties>
[...]
</properties>
  <testcase name="contextLoads" classname="dev.karthik.NGOApplication.NgoApplicationTests" time="1.035">
    <system-out><![CDATA[23:31:50.339 [main] INFO org.springframework.test.context.support.AnnotationConfigContextLoaderUtils -- Could not detect default configuration classes for test class [dev.karthik.NGOApplication.NgoApplicationTests]: NgoApplicationTests does not declare any static, non-private, non-final, nested classes annotated with @Configuration.
23:31:50.835 [main] INFO org.springframework.boot.test.context.SpringBootTestContextBootstrapper -- Found @SpringBootConfiguration dev.karthik.NGOApplication.NgoApplication for test class dev.karthik.NGOApplication.NgoApplicationTests
23:31:51.165 [main] INFO org.springframework.boot.devtools.restart.RestartApplicationListener -- Restart disabled due to context in which it is running
  .   ____          _            __ _ _
 /\\ / ___'_ __ _ _(_)_ __  __ _ \ \ \ \
( ( )\___ | '_ | '_| | '_ \/ _` | \ \ \ \
 \\/  ___)| |_)| | | | | || (_| |  ) ) ) )
  '  |____| .__|_| |_|_| |_\__, | / / / /
 =========|_|==============|___/=/_/_/_/

 :: Spring Boot ::                (v3.3.0)

2024-09-13T23:31:51.431+05:30  INFO 29972 --- [NGOApplication] [           main] m.p.springdotenv.DotenvPropertySource    : Initializing Dotenv with DotenvConfig{directory=null, filename=null, ignoreIfMalformed=false, ignoreIfMissing=true, systemProperties=false, prefix=null}
2024-09-13T23:31:51.474+05:30  INFO 29972 --- [NGOApplication] [           main] d.k.NGOApplication.NgoApplicationTests   : Starting NgoApplicationTests using Java 21.0.3 with PID 29972 (started by Dell in D:\PAC\bend)
2024-09-13T23:31:51.475+05:30  INFO 29972 --- [NGOApplication] [           main] d.k.NGOApplication.NgoApplicationTests   : No active profile set, falling back to 1 default profile: "default"
2024-09-13T23:31:52.262+05:30  INFO 29972 --- [NGOApplication] [           main] .s.d.r.c.RepositoryConfigurationDelegate : Bootstrapping Spring Data MongoDB repositories in DEFAULT mode.
2024-09-13T23:31:52.348+05:30  INFO 29972 --- [NGOApplication] [           main] .s.d.r.c.RepositoryConfigurationDelegate : Finished Spring Data repository scanning in 81 ms. Found 4 MongoDB repository interfaces.
2024-09-13T23:31:53.040+05:30  INFO 29972 --- [NGOApplication] [           main] org.mongodb.driver.client                : MongoClient with metadata {"driver": {"name": "mongo-java-driver|sync|spring-boot", "version": "5.0.1"}, "os": {"type": "Windows", "name": "Windows 11", "architecture": "amd64", "version": "10.0"}, "platform": "Java/Oracle Corporation/21.0.3+7-LTS-152"} created with settings MongoClientSettings{readPreference=primary, writeConcern=WriteConcern{w=null, wTimeout=null ms, journal=null}, retryWrites=true, retryReads=true, readConcern=ReadConcern{level=null}, credential=MongoCredential{mechanism=null, userName='test123', source='admin', password=<hidden>, mechanismProperties=<hidden>}, transportSettings=null, commandListeners=[], codecRegistry=ProvidersCodecRegistry{codecProviders=[ValueCodecProvider{}, BsonValueCodecProvider{}, DBRefCodecProvider{}, DBObjectCodecProvider{}, DocumentCodecProvider{}, CollectionCodecProvider{}, IterableCodecProvider{}, MapCodecProvider{}, GeoJsonCodecProvider{}, GridFSFileCodecProvider{}, Jsr310CodecProvider{}, JsonObjectCodecProvider{}, BsonCodecProvider{}, EnumCodecProvider{}, com.mongodb.client.model.mql.ExpressionCodecProvider@4fb56bea, com.mongodb.Jep395RecordCodecProvider@5e5beb8a, com.mongodb.KotlinCodecProvider@1f95881a]}, loggerSettings=LoggerSettings{maxDocumentLength=1000}, clusterSettings={hosts=[127.0.0.1:27017], srvHost=cluster0.spsdqsy.mongodb.net, srvServiceName=mongodb, mode=MULTIPLE, requiredClusterType=REPLICA_SET, requiredReplicaSetName='atlas-11h35c-shard-0', serverSelector='null', clusterListeners='[]', serverSelectionTimeout='30000 ms', localThreshold='15 ms'}, socketSettings=SocketSettings{connectTimeoutMS=10000, readTimeoutMS=0, receiveBufferSize=0, proxySettings=ProxySettings{host=null, port=null, username=null, password=null}}, heartbeatSocketSettings=SocketSettings{connectTimeoutMS=10000, readTimeoutMS=10000, receiveBufferSize=0, proxySettings=ProxySettings{host=null, port=null, username=null, password=null}}, connectionPoolSettings=ConnectionPoolSettings{maxSize=100, minSize=0, maxWaitTimeMS=120000, maxConnectionLifeTimeMS=0, maxConnectionIdleTimeMS=0, maintenanceInitialDelayMS=0, maintenanceFrequencyMS=60000, connectionPoolListeners=[], maxConnecting=2}, serverSettings=ServerSettings{heartbeatFrequencyMS=10000, minHeartbeatFrequencyMS=500, serverListeners='[]', serverMonitorListeners='[]'}, sslSettings=SslSettings{enabled=true, invalidHostNameAllowed=false, context=null}, applicationName='null', compressorList=[], uuidRepresentation=JAVA_LEGACY, serverApi=null, autoEncryptionSettings=null, dnsClient=null, inetAddressResolver=null, contextProvider=null}
2024-09-13T23:31:53.254+05:30  INFO 29972 --- [NGOApplication] [qsy.mongodb.net] org.mongodb.driver.cluster               : Adding discovered server ac-v4nliia-shard-00-02.spsdqsy.mongodb.net:27017 to client view of cluster
2024-09-13T23:31:53.285+05:30  INFO 29972 --- [NGOApplication] [qsy.mongodb.net] org.mongodb.driver.cluster               : Adding discovered server ac-v4nliia-shard-00-00.spsdqsy.mongodb.net:27017 to client view of cluster
2024-09-13T23:31:53.288+05:30  INFO 29972 --- [NGOApplication] [qsy.mongodb.net] org.mongodb.driver.cluster               : Adding discovered server ac-v4nliia-shard-00-01.spsdqsy.mongodb.net:27017 to client view of cluster
D:\PAC\bend\cred.json
2024-09-13T23:31:54.011+05:30  INFO 29972 --- [NGOApplication] [ngodb.net:27017] org.mongodb.driver.cluster               : Monitor thread successfully connected to server with description ServerDescription{address=ac-v4nliia-shard-00-02.spsdqsy.mongodb.net:27017, type=REPLICA_SET_PRIMARY, state=CONNECTED, ok=true, minWireVersion=0, maxWireVersion=21, maxDocumentSize=16777216, logicalSessionTimeoutMinutes=30, roundTripTimeNanos=369946900, setName='atlas-11h35c-shard-0', canonicalAddress=ac-v4nliia-shard-00-02.spsdqsy.mongodb.net:27017, hosts=[ac-v4nliia-shard-00-00.spsdqsy.mongodb.net:27017, ac-v4nliia-shard-00-01.spsdqsy.mongodb.net:27017, ac-v4nliia-shard-00-02.spsdqsy.mongodb.net:27017], passives=[], arbiters=[], primary='ac-v4nliia-shard-00-02.spsdqsy.mongodb.net:27017', tagSet=TagSet{[Tag{name='availabilityZone', value='aps1-az2'}, Tag{name='diskState', value='READY'}, Tag{name='nodeType', value='ELECTABLE'}, Tag{name='provider', value='AWS'}, Tag{name='region', value='AP_SOUTH_1'}, Tag{name='workloadType', value='OPERATIONAL'}]}, electionId=7fffffff0000000000000002, setVersion=1, topologyVersion=TopologyVersion{processId=66e071119dab522c5e5aa595, counter=7}, lastWriteDate=Fri Sep 13 23:31:49 IST 2024, lastUpdateTimeNanos=119388846327500}
2024-09-13T23:31:54.011+05:30  INFO 29972 --- [NGOApplication] [ngodb.net:27017] org.mongodb.driver.cluster               : Monitor thread successfully connected to server with description ServerDescription{address=ac-v4nliia-shard-00-01.spsdqsy.mongodb.net:27017, type=REPLICA_SET_SECONDARY, state=CONNECTED, ok=true, minWireVersion=0, maxWireVersion=21, maxDocumentSize=16777216, logicalSessionTimeoutMinutes=30, roundTripTimeNanos=369946500, setName='atlas-11h35c-shard-0', canonicalAddress=ac-v4nliia-shard-00-01.spsdqsy.mongodb.net:27017, hosts=[ac-v4nliia-shard-00-00.spsdqsy.mongodb.net:27017, ac-v4nliia-shard-00-01.spsdqsy.mongodb.net:27017, ac-v4nliia-shard-00-02.spsdqsy.mongodb.net:27017], passives=[], arbiters=[], primary='ac-v4nliia-shard-00-02.spsdqsy.mongodb.net:27017', tagSet=TagSet{[Tag{name='availabilityZone', value='aps1-az3'}, Tag{name='diskState', value='READY'}, Tag{name='nodeType', value='ELECTABLE'}, Tag{name='provider', value='AWS'}, Tag{name='region', value='AP_SOUTH_1'}, Tag{name='workloadType', value='OPERATIONAL'}]}, electionId=null, setVersion=1, topologyVersion=TopologyVersion{processId=66e07110b745047dc46d80bc, counter=5}, lastWriteDate=Fri Sep 13 23:31:49 IST 2024, lastUpdateTimeNanos=119388846317100}
2024-09-13T23:31:54.011+05:30  INFO 29972 --- [NGOApplication] [ngodb.net:27017] org.mongodb.driver.cluster               : Monitor thread successfully connected to server with description ServerDescription{address=ac-v4nliia-shard-00-00.spsdqsy.mongodb.net:27017, type=REPLICA_SET_SECONDARY, state=CONNECTED, ok=true, minWireVersion=0, maxWireVersion=21, maxDocumentSize=16777216, logicalSessionTimeoutMinutes=30, roundTripTimeNanos=369946600, setName='atlas-11h35c-shard-0', canonicalAddress=ac-v4nliia-shard-00-00.spsdqsy.mongodb.net:27017, hosts=[ac-v4nliia-shard-00-00.spsdqsy.mongodb.net:27017, ac-v4nliia-shard-00-01.spsdqsy.mongodb.net:27017, ac-v4nliia-shard-00-02.spsdqsy.mongodb.net:27017], passives=[], arbiters=[], primary='ac-v4nliia-shard-00-02.spsdqsy.mongodb.net:27017', tagSet=TagSet{[Tag{name='availabilityZone', value='aps1-az1'}, Tag{name='diskState', value='READY'}, Tag{name='nodeType', value='ELECTABLE'}, Tag{name='provider', value='AWS'}, Tag{name='region', value='AP_SOUTH_1'}, Tag{name='workloadType', value='OPERATIONAL'}]}, electionId=null, setVersion=1, topologyVersion=TopologyVersion{processId=66e07110ac6d497a706cb257, counter=8}, lastWriteDate=Fri Sep 13 23:31:49 IST 2024, lastUpdateTimeNanos=119388846317100}
2024-09-13T23:31:54.016+05:30  INFO 29972 --- [NGOApplication] [ngodb.net:27017] org.mongodb.driver.cluster               : Discovered replica set primary ac-v4nliia-shard-00-02.spsdqsy.mongodb.net:27017 with max election id 7fffffff0000000000000002 and max set version 1
2024-09-13T23:31:54.244+05:30  INFO 29972 --- [NGOApplication] [           main] d.k.NGOApplication.NgoApplicationTests   : Started NgoApplicationTests in 3.103 seconds (process running for 4.943)
]]></system-out>
    <system-err><![CDATA[WARNING: A Java agent has been loaded dynamically (C:\Users\Dell\.m2\repository\net\bytebuddy\byte-buddy-agent\1.14.16\byte-buddy-agent-1.14.16.jar)
WARNING: If a serviceability tool is in use, please run with -XX:+EnableDynamicAgentLoading to hide this warning
WARNING: If a serviceability tool is not in use, please run with -Djdk.instrument.traceUsage for more information
WARNING: Dynamic loading of agents will be disallowed by default in a future release
]]></system-err>
  </testcase>
</testsuite>